2018-Jul-01 20:50:24.480 INFO	core	Dwarf Therapist "40.0.0" starting normally. [E:\projects\Dwarf-Therapist\src\dwarftherapist.cpp:181] (DwarfTherapist::setup_logging)
2018-Jul-01 20:50:24.481 INFO	core	Runtime QT Version 5.6.3 [E:\projects\Dwarf-Therapist\src\dwarftherapist.cpp:182] (DwarfTherapist::setup_logging)
2018-Jul-01 20:50:24.642 INFO	core	default role "Miner" requires updating! [E:\projects\Dwarf-Therapist\src\gamedatareader.cpp:548] (GameDataReader::load_roles)
2018-Jul-01 20:50:24.649 INFO	core	default role "Woodcutter" requires updating! [E:\projects\Dwarf-Therapist\src\gamedatareader.cpp:548] (GameDataReader::load_roles)
2018-Jul-01 20:50:24.653 INFO	core	default role "Weaponsmith" requires updating! [E:\projects\Dwarf-Therapist\src\gamedatareader.cpp:548] (GameDataReader::load_roles)
2018-Jul-01 20:50:24.655 INFO	core	default role "Bowyer" requires updating! [E:\projects\Dwarf-Therapist\src\gamedatareader.cpp:548] (GameDataReader::load_roles)
2018-Jul-01 20:50:24.664 INFO	core	default role "Axedwarf" requires updating! [E:\projects\Dwarf-Therapist\src\gamedatareader.cpp:548] (GameDataReader::load_roles)
2018-Jul-01 20:50:24.665 INFO	core	default role "Blowgunner" requires updating! [E:\projects\Dwarf-Therapist\src\gamedatareader.cpp:548] (GameDataReader::load_roles)
2018-Jul-01 20:50:24.666 INFO	core	default role "Bowman" requires updating! [E:\projects\Dwarf-Therapist\src\gamedatareader.cpp:548] (GameDataReader::load_roles)
2018-Jul-01 20:50:24.669 INFO	core	default role "Hammerdwarf" requires updating! [E:\projects\Dwarf-Therapist\src\gamedatareader.cpp:548] (GameDataReader::load_roles)
2018-Jul-01 20:50:24.670 INFO	core	default role "Knife User" requires updating! [E:\projects\Dwarf-Therapist\src\gamedatareader.cpp:548] (GameDataReader::load_roles)
2018-Jul-01 20:50:24.670 INFO	core	default role "Lasher" requires updating! [E:\projects\Dwarf-Therapist\src\gamedatareader.cpp:548] (GameDataReader::load_roles)
2018-Jul-01 20:50:24.671 INFO	core	default role "Macedwarf" requires updating! [E:\projects\Dwarf-Therapist\src\gamedatareader.cpp:548] (GameDataReader::load_roles)
2018-Jul-01 20:50:24.672 INFO	core	default role "Marksdwarf" requires updating! [E:\projects\Dwarf-Therapist\src\gamedatareader.cpp:548] (GameDataReader::load_roles)
2018-Jul-01 20:50:24.672 INFO	core	default role "Pikeman" requires updating! [E:\projects\Dwarf-Therapist\src\gamedatareader.cpp:548] (GameDataReader::load_roles)
2018-Jul-01 20:50:24.673 INFO	core	default role "Speardwarf" requires updating! [E:\projects\Dwarf-Therapist\src\gamedatareader.cpp:548] (GameDataReader::load_roles)
2018-Jul-01 20:50:24.673 INFO	core	default role "Swordsdwarf" requires updating! [E:\projects\Dwarf-Therapist\src\gamedatareader.cpp:548] (GameDataReader::load_roles)
2018-Jul-01 20:50:25.910 INFO	core	beginning to read settings [E:\projects\Dwarf-Therapist\src\dwarftherapist.cpp:208] (DwarfTherapist::read_settings)
2018-Jul-01 20:50:25.918 INFO	core	finished reading settings [E:\projects\Dwarf-Therapist\src\dwarftherapist.cpp:259] (DwarfTherapist::read_settings)
2018-Jul-01 20:50:25.988 INFO	core	attempting connection to running DF game [E:\projects\Dwarf-Therapist\src\mainwindow.cpp:407] (MainWindow::connect_to_df)
2018-Jul-01 20:50:25.992 INFO	core	opening layout "C:/Users/Ben/Dropbox/COGFOR~1/LNP/Utilities/Dwarf Therapist/data/memory_layouts/windows/v0.42.01_graphics_win.ini" [E:\projects\Dwarf-Therapist\src\dfinstance.cpp:105] (DFInstance::DFInstance)
2018-Jul-01 20:50:25.994 INFO	core	adding valid layout "v0.42.01 (graphics) win" checksum: "0x565ca0e6" SHA: "3916263d734d69369fe872c1df2075aa4d0e032f" [E:\projects\Dwarf-Therapist\src\dfinstance.cpp:112] (DFInstance::DFInstance)
2018-Jul-01 20:50:25.994 INFO	core	opening layout "C:/Users/Ben/Dropbox/COGFOR~1/LNP/Utilities/Dwarf Therapist/data/memory_layouts/windows/v0.42.02_graphics_win.ini" [E:\projects\Dwarf-Therapist\src\dfinstance.cpp:105] (DFInstance::DFInstance)
2018-Jul-01 20:50:25.995 INFO	core	adding valid layout "v0.42.02 (graphics) win" checksum: "0x56633788" SHA: "97884f089d4aae7288385e00f78b8f98ebe68d86" [E:\projects\Dwarf-Therapist\src\dfinstance.cpp:112] (DFInstance::DFInstance)
2018-Jul-01 20:50:25.995 INFO	core	opening layout "C:/Users/Ben/Dropbox/COGFOR~1/LNP/Utilities/Dwarf Therapist/data/memory_layouts/windows/v0.42.03_graphics_win.ini" [E:\projects\Dwarf-Therapist\src\dfinstance.cpp:105] (DFInstance::DFInstance)
2018-Jul-01 20:50:25.997 INFO	core	adding valid layout "v0.42.03 (graphics) win" checksum: "0x566c7776" SHA: "904782970d7977b5fd0c288e710b61b33d3e19dd" [E:\projects\Dwarf-Therapist\src\dfinstance.cpp:112] (DFInstance::DFInstance)
2018-Jul-01 20:50:25.997 INFO	core	opening layout "C:/Users/Ben/Dropbox/COGFOR~1/LNP/Utilities/Dwarf Therapist/data/memory_layouts/windows/v0.42.04_graphics_win.ini" [E:\projects\Dwarf-Therapist\src\dfinstance.cpp:105] (DFInstance::DFInstance)
2018-Jul-01 20:50:25.998 INFO	core	adding valid layout "v0.42.04 (graphics) win" checksum: "0x567ef345" SHA: "ee134db4ec4e5692bcd7626f4a75fb719977fe37" [E:\projects\Dwarf-Therapist\src\dfinstance.cpp:112] (DFInstance::DFInstance)
2018-Jul-01 20:50:25.998 INFO	core	opening layout "C:/Users/Ben/Dropbox/COGFOR~1/LNP/Utilities/Dwarf Therapist/data/memory_layouts/windows/v0.42.05_graphics_win.ini" [E:\projects\Dwarf-Therapist\src\dfinstance.cpp:105] (DFInstance::DFInstance)
2018-Jul-01 20:50:26.001 INFO	core	adding valid layout "v0.42.05 (graphics) win" checksum: "0x569bf3df" SHA: "e97386daedc79f699e81006bc3a41936fbfb2017" [E:\projects\Dwarf-Therapist\src\dfinstance.cpp:112] (DFInstance::DFInstance)
2018-Jul-01 20:50:26.001 INFO	core	opening layout "C:/Users/Ben/Dropbox/COGFOR~1/LNP/Utilities/Dwarf Therapist/data/memory_layouts/windows/v0.42.06_graphics_win.ini" [E:\projects\Dwarf-Therapist\src\dfinstance.cpp:105] (DFInstance::DFInstance)
2018-Jul-01 20:50:26.003 INFO	core	adding valid layout "v0.42.06 (graphics) win" checksum: "0x56bba192" SHA: "0ae626070e725d75af5720858fd12c7ad2e276e8" [E:\projects\Dwarf-Therapist\src\dfinstance.cpp:112] (DFInstance::DFInstance)
2018-Jul-01 20:50:26.003 INFO	core	opening layout "C:/Users/Ben/Dropbox/COGFOR~1/LNP/Utilities/Dwarf Therapist/data/memory_layouts/windows/v0.43.01_graphics_win.ini" [E:\projects\Dwarf-Therapist\src\dfinstance.cpp:105] (DFInstance::DFInstance)
2018-Jul-01 20:50:26.007 INFO	core	adding valid layout "v0.43.01 (graphics) win" checksum: "0x5731022d" SHA: "0138e2ea64978d5cc8a76504ff4c9e3fc6944384" [E:\projects\Dwarf-Therapist\src\dfinstance.cpp:112] (DFInstance::DFInstance)
2018-Jul-01 20:50:26.007 INFO	core	opening layout "C:/Users/Ben/Dropbox/COGFOR~1/LNP/Utilities/Dwarf Therapist/data/memory_layouts/windows/v0.43.02_graphics_win.ini" [E:\projects\Dwarf-Therapist\src\dfinstance.cpp:105] (DFInstance::DFInstance)
2018-Jul-01 20:50:26.010 INFO	core	adding valid layout "v0.43.02 (graphics) win" checksum: "0x5733848a" SHA: "2d0bb61d0346a9cd8f3c4ec7049fbb0b9f24970b" [E:\projects\Dwarf-Therapist\src\dfinstance.cpp:112] (DFInstance::DFInstance)
2018-Jul-01 20:50:26.010 INFO	core	opening layout "C:/Users/Ben/Dropbox/COGFOR~1/LNP/Utilities/Dwarf Therapist/data/memory_layouts/windows/v0.43.03_graphics_win.ini" [E:\projects\Dwarf-Therapist\src\dfinstance.cpp:105] (DFInstance::DFInstance)
2018-Jul-01 20:50:26.012 INFO	core	adding valid layout "v0.43.03 (graphics) win" checksum: "0x57420c94" SHA: "7349aaddf4f95b2e5e45ac68f6ceb3ab713905b0" [E:\projects\Dwarf-Therapist\src\dfinstance.cpp:112] (DFInstance::DFInstance)
2018-Jul-01 20:50:26.012 INFO	core	opening layout "C:/Users/Ben/Dropbox/COGFOR~1/LNP/Utilities/Dwarf Therapist/data/memory_layouts/windows/v0.43.05_graphics_win32.ini" [E:\projects\Dwarf-Therapist\src\dfinstance.cpp:105] (DFInstance::DFInstance)
2018-Jul-01 20:50:26.015 INFO	core	adding valid layout "v0.43.05 (graphics) win32" checksum: "0x577b57ff" SHA: "d2ff91d0d50521edd35c3d8cfd0cbf959958411a" [E:\projects\Dwarf-Therapist\src\dfinstance.cpp:112] (DFInstance::DFInstance)
2018-Jul-01 20:50:26.015 INFO	core	opening layout "C:/Users/Ben/Dropbox/COGFOR~1/LNP/Utilities/Dwarf Therapist/data/memory_layouts/windows/v0.43.05_graphics_win64.ini" [E:\projects\Dwarf-Therapist\src\dfinstance.cpp:105] (DFInstance::DFInstance)
2018-Jul-01 20:50:26.017 INFO	core	adding valid layout "v0.43.05 (graphics) win64" checksum: "0x577b5e93" SHA: "d52924562e8ba66a1d9727f1bc8dd5757fe77c88" [E:\projects\Dwarf-Therapist\src\dfinstance.cpp:112] (DFInstance::DFInstance)
2018-Jul-01 20:50:26.018 INFO	core	opening layout "C:/Users/Ben/Dropbox/COGFOR~1/LNP/Utilities/Dwarf Therapist/data/memory_layouts/windows/v0.44.02_graphics_win32.ini" [E:\projects\Dwarf-Therapist\src\dfinstance.cpp:105] (DFInstance::DFInstance)
2018-Jul-01 20:50:26.021 INFO	core	adding valid layout "v0.44.02 (graphics) win32" checksum: "0x5a175fbd" SHA: "0b66f1ba5ff259da2e026307e86c6e27c02c97ca" [E:\projects\Dwarf-Therapist\src\dfinstance.cpp:112] (DFInstance::DFInstance)
2018-Jul-01 20:50:26.021 INFO	core	opening layout "C:/Users/Ben/Dropbox/COGFOR~1/LNP/Utilities/Dwarf Therapist/data/memory_layouts/windows/v0.44.02_graphics_win64.ini" [E:\projects\Dwarf-Therapist\src\dfinstance.cpp:105] (DFInstance::DFInstance)
2018-Jul-01 20:50:26.023 INFO	core	adding valid layout "v0.44.02 (graphics) win64" checksum: "0x5a176770" SHA: "cfb668b1787188de5332f05c82b4ce6c540439d5" [E:\projects\Dwarf-Therapist\src\dfinstance.cpp:112] (DFInstance::DFInstance)
2018-Jul-01 20:50:26.023 INFO	core	opening layout "C:/Users/Ben/Dropbox/COGFOR~1/LNP/Utilities/Dwarf Therapist/data/memory_layouts/windows/v0.44.03_graphics_win32.ini" [E:\projects\Dwarf-Therapist\src\dfinstance.cpp:105] (DFInstance::DFInstance)
2018-Jul-01 20:50:26.026 INFO	core	adding valid layout "v0.44.03 (graphics) win32" checksum: "0x5a40bfbf" SHA: "c85c4de24fc1621676cf7ae022482f4bdd6a547d" [E:\projects\Dwarf-Therapist\src\dfinstance.cpp:112] (DFInstance::DFInstance)
2018-Jul-01 20:50:26.026 INFO	core	opening layout "C:/Users/Ben/Dropbox/COGFOR~1/LNP/Utilities/Dwarf Therapist/data/memory_layouts/windows/v0.44.03_graphics_win64.ini" [E:\projects\Dwarf-Therapist\src\dfinstance.cpp:105] (DFInstance::DFInstance)
2018-Jul-01 20:50:26.028 INFO	core	adding valid layout "v0.44.03 (graphics) win64" checksum: "0x5a40c6db" SHA: "2b7c8b3c808166be3f12bfcb1465fdd48cab781e" [E:\projects\Dwarf-Therapist\src\dfinstance.cpp:112] (DFInstance::DFInstance)
2018-Jul-01 20:50:26.028 INFO	core	opening layout "C:/Users/Ben/Dropbox/COGFOR~1/LNP/Utilities/Dwarf Therapist/data/memory_layouts/windows/v0.44.04_graphics_win32.ini" [E:\projects\Dwarf-Therapist\src\dfinstance.cpp:105] (DFInstance::DFInstance)
2018-Jul-01 20:50:26.029 INFO	core	adding valid layout "v0.44.04 (graphics) win32" checksum: "0x5a5687e6" SHA: "21eeade8d8db13e74d032dcc7ef038baa7542707" [E:\projects\Dwarf-Therapist\src\dfinstance.cpp:112] (DFInstance::DFInstance)
2018-Jul-01 20:50:26.029 INFO	core	opening layout "C:/Users/Ben/Dropbox/COGFOR~1/LNP/Utilities/Dwarf Therapist/data/memory_layouts/windows/v0.44.04_graphics_win64.ini" [E:\projects\Dwarf-Therapist\src\dfinstance.cpp:105] (DFInstance::DFInstance)
2018-Jul-01 20:50:26.031 INFO	core	adding valid layout "v0.44.04 (graphics) win64" checksum: "0x5a568f07" SHA: "ba6e7e02081d8649f65cc667ece5c9cc14eb74a8" [E:\projects\Dwarf-Therapist\src\dfinstance.cpp:112] (DFInstance::DFInstance)
2018-Jul-01 20:50:26.031 INFO	core	opening layout "C:/Users/Ben/Dropbox/COGFOR~1/LNP/Utilities/Dwarf Therapist/data/memory_layouts/windows/v0.44.05_graphics_win32.ini" [E:\projects\Dwarf-Therapist\src\dfinstance.cpp:105] (DFInstance::DFInstance)
2018-Jul-01 20:50:26.032 INFO	core	adding valid layout "v0.44.05 (graphics) win32" checksum: "0x5a5bb383" SHA: "e3d377f436117ae7f011d96fbc59959640b65074" [E:\projects\Dwarf-Therapist\src\dfinstance.cpp:112] (DFInstance::DFInstance)
2018-Jul-01 20:50:26.032 INFO	core	opening layout "C:/Users/Ben/Dropbox/COGFOR~1/LNP/Utilities/Dwarf Therapist/data/memory_layouts/windows/v0.44.05_graphics_win64.ini" [E:\projects\Dwarf-Therapist\src\dfinstance.cpp:105] (DFInstance::DFInstance)
2018-Jul-01 20:50:26.034 INFO	core	adding valid layout "v0.44.05 (graphics) win64" checksum: "0x5a5bbc62" SHA: "59dc099bad5eb5236a0224178d663b0bed98e15b" [E:\projects\Dwarf-Therapist\src\dfinstance.cpp:112] (DFInstance::DFInstance)
2018-Jul-01 20:50:26.035 INFO	core	opening layout "C:/Users/Ben/Dropbox/COGFOR~1/LNP/Utilities/Dwarf Therapist/data/memory_layouts/windows/v0.44.06_graphics_win32.ini" [E:\projects\Dwarf-Therapist\src\dfinstance.cpp:105] (DFInstance::DFInstance)
2018-Jul-01 20:50:26.039 INFO	core	adding valid layout "v0.44.06 (graphics) win32" checksum: "0x5aa2ef43" SHA: "cb5e0b3f8f151969e33c918d07dda795a82e3be2" [E:\projects\Dwarf-Therapist\src\dfinstance.cpp:112] (DFInstance::DFInstance)
2018-Jul-01 20:50:26.039 INFO	core	opening layout "C:/Users/Ben/Dropbox/COGFOR~1/LNP/Utilities/Dwarf Therapist/data/memory_layouts/windows/v0.44.06_graphics_win64.ini" [E:\projects\Dwarf-Therapist\src\dfinstance.cpp:105] (DFInstance::DFInstance)
2018-Jul-01 20:50:26.042 INFO	core	adding valid layout "v0.44.06 (graphics) win64" checksum: "0x5aa2f81a" SHA: "04524e72898b267382a888a53a4f3e856d28a0e0" [E:\projects\Dwarf-Therapist\src\dfinstance.cpp:112] (DFInstance::DFInstance)
2018-Jul-01 20:50:26.042 INFO	core	opening layout "C:/Users/Ben/Dropbox/COGFOR~1/LNP/Utilities/Dwarf Therapist/data/memory_layouts/windows/v0.44.07_graphics_win32.ini" [E:\projects\Dwarf-Therapist\src\dfinstance.cpp:105] (DFInstance::DFInstance)
2018-Jul-01 20:50:26.044 INFO	core	adding valid layout "v0.44.07 (graphics) win32" checksum: "0x5aa6e660" SHA: "e04e2ad8069307d7194a7ff1490f54e4b1fed08a" [E:\projects\Dwarf-Therapist\src\dfinstance.cpp:112] (DFInstance::DFInstance)
2018-Jul-01 20:50:26.044 INFO	core	opening layout "C:/Users/Ben/Dropbox/COGFOR~1/LNP/Utilities/Dwarf Therapist/data/memory_layouts/windows/v0.44.07_graphics_win64.ini" [E:\projects\Dwarf-Therapist\src\dfinstance.cpp:105] (DFInstance::DFInstance)
2018-Jul-01 20:50:26.045 INFO	core	adding valid layout "v0.44.07 (graphics) win64" checksum: "0x5aa6ed50" SHA: "9668e323a7c3ef7421770dff8053758e77d59db0" [E:\projects\Dwarf-Therapist\src\dfinstance.cpp:112] (DFInstance::DFInstance)
2018-Jul-01 20:50:26.045 INFO	core	opening layout "C:/Users/Ben/Dropbox/COGFOR~1/LNP/Utilities/Dwarf Therapist/data/memory_layouts/windows/v0.44.08_graphics_win32.ini" [E:\projects\Dwarf-Therapist\src\dfinstance.cpp:105] (DFInstance::DFInstance)
2018-Jul-01 20:50:26.047 INFO	core	adding valid layout "v0.44.08 (graphics) win32" checksum: "0x5abc6b3c" SHA: "c855f366085b8823bffd1fa8f5abf83ee63a9abd" [E:\projects\Dwarf-Therapist\src\dfinstance.cpp:112] (DFInstance::DFInstance)
2018-Jul-01 20:50:26.047 INFO	core	opening layout "C:/Users/Ben/Dropbox/COGFOR~1/LNP/Utilities/Dwarf Therapist/data/memory_layouts/windows/v0.44.08_graphics_win64.ini" [E:\projects\Dwarf-Therapist\src\dfinstance.cpp:105] (DFInstance::DFInstance)
2018-Jul-01 20:50:26.048 INFO	core	adding valid layout "v0.44.08 (graphics) win64" checksum: "0x5abc72b1" SHA: "65e182a0075d68283672e3818a12a4a90c3224b2" [E:\projects\Dwarf-Therapist\src\dfinstance.cpp:112] (DFInstance::DFInstance)
2018-Jul-01 20:50:26.048 INFO	core	opening layout "C:/Users/Ben/Dropbox/COGFOR~1/LNP/Utilities/Dwarf Therapist/data/memory_layouts/windows/v0.44.09_graphics_win32.ini" [E:\projects\Dwarf-Therapist\src\dfinstance.cpp:105] (DFInstance::DFInstance)
2018-Jul-01 20:50:26.051 INFO	core	adding valid layout "v0.44.09 (graphics) win32" checksum: "0x5ac04796" SHA: "95c0b5e5daa0993d9821ec6576bc972c8a202d75" [E:\projects\Dwarf-Therapist\src\dfinstance.cpp:112] (DFInstance::DFInstance)
2018-Jul-01 20:50:26.052 INFO	core	opening layout "C:/Users/Ben/Dropbox/COGFOR~1/LNP/Utilities/Dwarf Therapist/data/memory_layouts/windows/v0.44.09_graphics_win64.ini" [E:\projects\Dwarf-Therapist\src\dfinstance.cpp:105] (DFInstance::DFInstance)
2018-Jul-01 20:50:26.054 INFO	core	adding valid layout "v0.44.09 (graphics) win64" checksum: "0x5ac04f66" SHA: "3d46c6ba07f3fe82ba92565f1588a995b3cae5a9" [E:\projects\Dwarf-Therapist\src\dfinstance.cpp:112] (DFInstance::DFInstance)
2018-Jul-01 20:50:26.055 INFO	core	opening layout "C:/Users/Ben/Dropbox/COGFOR~1/LNP/Utilities/Dwarf Therapist/data/memory_layouts/windows/v0.44.10_graphics_win32.ini" [E:\projects\Dwarf-Therapist\src\dfinstance.cpp:105] (DFInstance::DFInstance)
2018-Jul-01 20:50:26.058 INFO	core	adding valid layout "v0.44.10 (graphics) win32" checksum: "0x5aed2eb3" SHA: "cd37e89b464e39e31e323522c13643767fd95d02" [E:\projects\Dwarf-Therapist\src\dfinstance.cpp:112] (DFInstance::DFInstance)
2018-Jul-01 20:50:26.058 INFO	core	opening layout "C:/Users/Ben/Dropbox/COGFOR~1/LNP/Utilities/Dwarf Therapist/data/memory_layouts/windows/v0.44.10_graphics_win64.ini" [E:\projects\Dwarf-Therapist\src\dfinstance.cpp:105] (DFInstance::DFInstance)
2018-Jul-01 20:50:26.060 INFO	core	adding valid layout "v0.44.10 (graphics) win64" checksum: "0x5aed3a4d" SHA: "0520be48b5d218d5e7a781e21c6c8a6beeaddbb5" [E:\projects\Dwarf-Therapist\src\dfinstance.cpp:112] (DFInstance::DFInstance)
2018-Jul-01 20:50:26.060 INFO	core	attempting to find running copy of DF [E:\projects\Dwarf-Therapist\src\dfinstancewindows.cpp:236] (DFInstanceWindows::find_running_copy)
2018-Jul-01 20:50:26.064 INFO	core	PID of process is:  1808 [E:\projects\Dwarf-Therapist\src\dfinstancewindows.cpp:242] (DFInstanceWindows::find_running_copy)
2018-Jul-01 20:50:26.064 INFO	core	PROC HANDLE: 0x4b8 [E:\projects\Dwarf-Therapist\src\dfinstancewindows.cpp:252] (DFInstanceWindows::find_running_copy)
2018-Jul-01 20:50:26.065 INFO	core	RAW BASE ADDRESS: 140697927811072 [E:\projects\Dwarf-Therapist\src\dfinstancewindows.cpp:283] (DFInstanceWindows::find_running_copy)
2018-Jul-01 20:50:26.065 INFO	core	Target EXE was compiled at  "2018-05-04T21:59:57" [E:\projects\Dwarf-Therapist\src\dfinstancewindows.cpp:78] (DFInstanceWindows::calculate_checksum)
2018-Jul-01 20:50:26.065 INFO	core	Setting memory layout for DF checksum "0x5aed3a4d" [E:\projects\Dwarf-Therapist\src\dfinstance.cpp:1086] (DFInstance::set_memory_layout)
2018-Jul-01 20:50:26.065 INFO	core	Detected Dwarf Fortress version "v0.44.10 (graphics) win64" using MemoryLayout from "C:/Users/Ben/Dropbox/COGFOR~1/LNP/Utilities/Dwarf Therapist/data/memory_layouts/windows/v0.44.10_graphics_win64.ini" [E:\projects\Dwarf-Therapist\src\dfinstance.cpp:1091] (DFInstance::set_memory_layout)
2018-Jul-01 20:50:26.079 INFO	core	GetModuleFileNameEx returned:  "C:\\Users\\Ben\\Dropbox\\COGFOR~1\\Dwarf Fortress 0.44.10\\Dwarf Fortress.exe" [E:\projects\Dwarf-Therapist\src\dfinstancewindows.cpp:316] (DFInstanceWindows::find_running_copy)
2018-Jul-01 20:50:26.079 INFO	core	Dwarf Fortress path: "C:/Users/Ben/Dropbox/COGFOR~1/Dwarf Fortress 0.44.10" [E:\projects\Dwarf-Therapist\src\dfinstancewindows.cpp:319] (DFInstanceWindows::find_running_copy)
2018-Jul-01 20:50:26.079 INFO	core	Checking for layout for checksum:  "0x5aed3a4d" [E:\projects\Dwarf-Therapist\src\updater.cpp:133] (Updater::check_layouts)
2018-Jul-01 20:50:26.451 INFO	core	Setting memory layout for DF checksum "0x5aed3a4d" [E:\projects\Dwarf-Therapist\src\dfinstance.cpp:1086] (DFInstance::set_memory_layout)
2018-Jul-01 20:50:26.451 INFO	core	Detected Dwarf Fortress version "v0.44.10 (graphics) win64" using MemoryLayout from "C:/Users/Ben/Dropbox/COGFOR~1/LNP/Utilities/Dwarf Therapist/data/memory_layouts/windows/v0.44.10_graphics_win64.ini" [E:\projects\Dwarf-Therapist\src\dfinstance.cpp:1091] (DFInstance::set_memory_layout)
2018-Jul-01 20:50:26.457 WARNING	core	lost connection to DF [E:\projects\Dwarf-Therapist\src\mainwindow.cpp:469] (MainWindow::lost_df_connection)
2018-Jul-01 20:50:26.461 ERROR	core	("No Game Loaded", "A fort has not been loaded.", "", "") [E:\projects\Dwarf-Therapist\src\mainwindow.cpp:492] (MainWindow::lost_df_connection)
